This file contains any messages produced by compilers while
running configure, to aid debugging if configure makes a mistake.

It was created by pasmo configure 0.5.4.beta2, which was
generated by GNU Autoconf 2.61.  Invocation command line was

  $ ./configure 

## --------- ##
## Platform. ##
## --------- ##

hostname = Phils-Mac-mini.local
uname -m = x86_64
uname -r = 14.5.0
uname -s = Darwin
uname -v = Darwin Kernel Version 14.5.0: Fri Feb 17 10:33:20 PST 2017; root:xnu-2782.50.9.1.1~1/RELEASE_X86_64

/usr/bin/uname -p = i386
/bin/uname -X     = unknown

/bin/arch              = unknown
/usr/bin/arch -k       = unknown
/usr/convex/getsysinfo = unknown
/usr/bin/hostinfo      = Mach kernel version:
	 Darwin Kernel Version 14.5.0: Fri Feb 17 10:33:20 PST 2017; root:xnu-2782.50.9.1.1~1/RELEASE_X86_64
Kernel configured for up to 4 processors.
2 processors are physically available.
4 processors are logically available.
Processor type: x86_64h (Intel x86-64h Haswell)
Processors active: 0 1 2 3
Primary memory available: 16.00 gigabytes
Default processor set: 257 tasks, 1287 threads, 4 processors
Load average: 1.28, Mach factor: 2.74
/bin/machine           = unknown
/usr/bin/oslevel       = unknown
/bin/universe          = unknown

PATH: /usr/local/bin
PATH: /usr/bin
PATH: /bin
PATH: /usr/sbin
PATH: /sbin
PATH: /opt/X11/bin


## ----------- ##
## Core tests. ##
## ----------- ##

configure:1744: checking for a BSD-compatible install
configure:1800: result: /usr/bin/install -c
configure:1811: checking whether build environment is sane
configure:1854: result: yes
configure:1919: checking for gawk
configure:1949: result: no
configure:1919: checking for mawk
configure:1949: result: no
configure:1919: checking for nawk
configure:1949: result: no
configure:1919: checking for awk
configure:1935: found /usr/bin/awk
configure:1946: result: awk
configure:1957: checking whether make sets $(MAKE)
configure:1978: result: yes
configure:2169: checking build system type
configure:2187: result: i386-apple-darwin14.5.0
configure:2209: checking host system type
configure:2224: result: i386-apple-darwin14.5.0
configure:2262: result: Configured for release version
configure:2334: checking for g++
configure:2350: found /usr/bin/g++
configure:2361: result: g++
configure:2392: checking for C++ compiler version
configure:2399: g++ --version >&5
Configured with: --prefix=/Applications/Xcode.app/Contents/Developer/usr --with-gxx-include-dir=/usr/include/c++/4.2.1
Apple LLVM version 7.0.2 (clang-700.1.81)
Target: x86_64-apple-darwin14.5.0
Thread model: posix
configure:2402: $? = 0
configure:2409: g++ -v >&5
Configured with: --prefix=/Applications/Xcode.app/Contents/Developer/usr --with-gxx-include-dir=/usr/include/c++/4.2.1
Apple LLVM version 7.0.2 (clang-700.1.81)
Target: x86_64-apple-darwin14.5.0
Thread model: posix
configure:2412: $? = 0
configure:2419: g++ -V >&5
clang: error: argument to '-V' is missing (expected 1 value)
clang: error: no input files
configure:2422: $? = 1
configure:2445: checking for C++ compiler default output file name
configure:2472: g++    conftest.cpp  >&5
configure:2475: $? = 0
configure:2513: result: a.out
configure:2530: checking whether the C++ compiler works
configure:2540: ./a.out
configure:2543: $? = 0
configure:2560: result: yes
configure:2567: checking whether we are cross compiling
configure:2569: result: no
configure:2572: checking for suffix of executables
configure:2579: g++ -o conftest    conftest.cpp  >&5
configure:2582: $? = 0
configure:2606: result: 
configure:2612: checking for suffix of object files
configure:2638: g++ -c   conftest.cpp >&5
configure:2641: $? = 0
configure:2664: result: o
configure:2668: checking whether we are using the GNU C++ compiler
configure:2697: g++ -c   conftest.cpp >&5
configure:2703: $? = 0
configure:2720: result: yes
configure:2725: checking whether g++ accepts -g
configure:2755: g++ -c -g  conftest.cpp >&5
configure:2761: $? = 0
configure:2860: result: yes
configure:2894: checking for style of include used by make
configure:2922: result: GNU
configure:2950: checking dependency style of g++
configure:3040: result: gcc3
configure:3342: creating ./config.status

## ---------------------- ##
## Running config.status. ##
## ---------------------- ##

This file was extended by pasmo config.status 0.5.4.beta2, which was
generated by GNU Autoconf 2.61.  Invocation command line was

  CONFIG_FILES    = 
  CONFIG_HEADERS  = 
  CONFIG_LINKS    = 
  CONFIG_COMMANDS = 
  $ ./config.status 

on Phils-Mac-mini.local

config.status:621: creating Makefile
config.status:806: executing depfiles commands

## ---------------- ##
## Cache variables. ##
## ---------------- ##

ac_cv_build=i386-apple-darwin14.5.0
ac_cv_cxx_compiler_gnu=yes
ac_cv_env_CCC_set=
ac_cv_env_CCC_value=
ac_cv_env_CPPFLAGS_set=
ac_cv_env_CPPFLAGS_value=
ac_cv_env_CXXFLAGS_set=
ac_cv_env_CXXFLAGS_value=
ac_cv_env_CXX_set=
ac_cv_env_CXX_value=
ac_cv_env_LDFLAGS_set=
ac_cv_env_LDFLAGS_value=
ac_cv_env_LIBS_set=
ac_cv_env_LIBS_value=
ac_cv_env_build_alias_set=
ac_cv_env_build_alias_value=
ac_cv_env_host_alias_set=
ac_cv_env_host_alias_value=
ac_cv_env_target_alias_set=
ac_cv_env_target_alias_value=
ac_cv_host=i386-apple-darwin14.5.0
ac_cv_objext=o
ac_cv_path_install='/usr/bin/install -c'
ac_cv_prog_AWK=awk
ac_cv_prog_ac_ct_CXX=g++
ac_cv_prog_cxx_g=yes
ac_cv_prog_make_make_set=yes
am_cv_CXX_dependencies_compiler_type=gcc3

## ----------------- ##
## Output variables. ##
## ----------------- ##

ACLOCAL='${SHELL} /Users/phil/speccy/pasmo/pasmo-0.5.4.beta2/missing --run aclocal-1.9'
AMDEPBACKSLASH='\'
AMDEP_FALSE='#'
AMDEP_TRUE=''
AMTAR='${SHELL} /Users/phil/speccy/pasmo/pasmo-0.5.4.beta2/missing --run tar'
AUTOCONF='${SHELL} /Users/phil/speccy/pasmo/pasmo-0.5.4.beta2/missing --run autoconf'
AUTOHEADER='${SHELL} /Users/phil/speccy/pasmo/pasmo-0.5.4.beta2/missing --run autoheader'
AUTOMAKE='${SHELL} /Users/phil/speccy/pasmo/pasmo-0.5.4.beta2/missing --run automake-1.9'
AWK='awk'
CPPFLAGS=''
CXX='g++'
CXXDEPMODE='depmode=gcc3'
CXXFLAGS='-g -O2'
CYGPATH_W='echo'
DEFS='-DPACKAGE_NAME=\"pasmo\" -DPACKAGE_TARNAME=\"pasmo\" -DPACKAGE_VERSION=\"0.5.4.beta2\" -DPACKAGE_STRING=\"pasmo\ 0.5.4.beta2\" -DPACKAGE_BUGREPORT=\"julian.notfound@gmail.com\" -DPACKAGE=\"pasmo\" -DVERSION=\"0.5.4.beta2\" -DNDEBUG='
DEPDIR='.deps'
ECHO_C='ECHO_N=''
ECHO_T=''
EXEEXT=''
INSTALL_DATA='${INSTALL} -m 644'
INSTALL_PROGRAM='${INSTALL}'
INSTALL_SCRIPT='${INSTALL}'
INSTALL_STRIP_PROGRAM='${SHELL} $(install_sh) -c -s'
LDFLAGS=''
LIBOBJS=''
LIBS=''
LTLIBOBJS=''
MAKEINFO='${SHELL} /Users/phil/speccy/pasmo/pasmo-0.5.4.beta2/missing --run makeinfo'
OBJEXT='o'
PACKAGE='pasmo'
PACKAGE_BUGREPORT='julian.notfound@gmail.com'
PACKAGE_NAME='pasmo'
PACKAGE_STRING='pasmo 0.5.4.beta2'
PACKAGE_TARNAME='pasmo'
PACKAGE_VERSION='0.5.4.beta2'
PATH_SEPARATOR=':'
SET_MAKE=''
SHELL='/bin/sh'
STRIP=''
VERSION='0.5.4.beta2'
ac_ct_CXX='g++'
am__fastdepCXX_FALSE='#'
am__fastdepCXX_TRUE=''
am__include='include'
am__leading_dot='.'
am__quote=''
am__tar='${AMTAR} chof - "$$tardir"'
am__untar='${AMTAR} xf -'
bindir='${exec_prefix}/bin'
build='i386-apple-darwin14.5.0'
build_alias=''
build_cpu='i386'
build_os='darwin14.5.0'
build_vendor='apple'
datadir='${datarootdir}'
datarootdir='${prefix}/share'
docdir='${datarootdir}/doc/${PACKAGE_TARNAME}'
dvidir='${docdir}'
exec_prefix='${prefix}'
host='i386-apple-darwin14.5.0'
host_alias=''
host_cpu='i386'
host_os='darwin14.5.0'
host_vendor='apple'
htmldir='${docdir}'
includedir='${prefix}/include'
infodir='${datarootdir}/info'
install_sh='/Users/phil/speccy/pasmo/pasmo-0.5.4.beta2/install-sh'
libdir='${exec_prefix}/lib'
libexecdir='${exec_prefix}/libexec'
localedir='${datarootdir}/locale'
localstatedir='${prefix}/var'
mandir='${datarootdir}/man'
mkdir_p='$(mkinstalldirs)'
oldincludedir='/usr/include'
pdfdir='${docdir}'
prefix='/usr/local'
program_transform_name='s,x,x,'
psdir='${docdir}'
sbindir='${exec_prefix}/sbin'
sharedstatedir='${prefix}/com'
sysconfdir='${prefix}/etc'
target_alias=''

## ----------- ##
## confdefs.h. ##
## ----------- ##

#define PACKAGE_NAME "pasmo"
#define PACKAGE_TARNAME "pasmo"
#define PACKAGE_VERSION "0.5.4.beta2"
#define PACKAGE_STRING "pasmo 0.5.4.beta2"
#define PACKAGE_BUGREPORT "julian.notfound@gmail.com"
#define PACKAGE "pasmo"
#define VERSION "0.5.4.beta2"
#define NDEBUG

configure: exit 0
